<?xml version="1.0" encoding="UTF-8"?>
<!-- Generated by org.testng.reporters.JUnitReportReporter -->
<testsuite hostname="HARI" failures="0" tests="5" name="runner.testNGRunner" time="34.183" errors="0" timestamp="2024-05-06T22:35:22 IST" skipped="0">
  <testcase classname="runner.testNGRunner" name="runScenario" time="5.736"/>
  <system-out/>
  <testcase classname="runner.testNGRunner" name="runScenario" time="5.696"/>
  <system-out/>
  <testcase classname="runner.testNGRunner" name="runScenario" time="9.619"/>
  <system-out/>
  <testcase classname="runner.testNGRunner" name="runScenario" time="6.968"/>
  <system-out/>
  <testcase classname="runner.testNGRunner" name="runScenario" time="6.164"/>
  <system-out/>
</testsuite> <!-- runner.testNGRunner -->
