<?xml version="1.0" encoding="UTF-8"?>
<!-- Generated by org.testng.reporters.JUnitReportReporter -->
<testsuite hostname="HARI" failures="0" tests="1" name="stepdefinitions.seleniumgrid" time="12.424" errors="0" timestamp="2024-05-05T18:57:12 IST" skipped="0">
  <testcase classname="stepdefinitions.seleniumgrid" name="setup" time="12.424"/>
  <system-out/>
</testsuite> <!-- stepdefinitions.seleniumgrid -->
