<?xml version="1.0" encoding="UTF-8"?>
<!-- Generated by org.testng.reporters.JUnitReportReporter -->
<testsuite hostname="HARI" failures="0" tests="1" name="runner.testNGRunner" time="9.577" errors="0" timestamp="2024-05-06T22:54:13 IST" skipped="0">
  <testcase classname="runner.testNGRunner" name="runScenario" time="9.577"/>
  <system-out/>
</testsuite> <!-- runner.testNGRunner -->
